[
  {
    "Plan": {
      "Node Type": "Limit",
      "Parallel Aware": false,
      "Startup Cost": 206590.73,
      "Total Cost": 206590.78,
      "Plan Rows": 20,
      "Plan Width": 280,
      "Plans": [
        {
          "Node Type": "Sort",
          "Parent Relationship": "Outer",
          "Parallel Aware": false,
          "Startup Cost": 206590.73,
          "Total Cost": 206731.92,
          "Plan Rows": 56477,
          "Plan Width": 280,
          "Sort Key": ["(sum((sf1_lineitem.l_extendedprice * ('1'::numeric - sf1_lineitem.l_discount)))) DESC"],
          "Plans": [
            {
              "Node Type": "Aggregate",
              "Strategy": "Sorted",
              "Partial Mode": "Finalize",
              "Parent Relationship": "Outer",
              "Parallel Aware": false,
              "Startup Cost": 196949.36,
              "Total Cost": 205087.90,
              "Plan Rows": 56477,
              "Plan Width": 280,
              "Group Key": ["sf1_customer.c_custkey", "sf1_customer.c_name", "sf1_customer.c_acctbal", "sf1_customer.c_phone", "sf1_nation.n_name", "sf1_customer.c_address", "sf1_customer.c_comment"],
              "Plans": [
                {
                  "Node Type": "Gather Merge",
                  "Parent Relationship": "Outer",
                  "Parallel Aware": false,
                  "Startup Cost": 196949.36,
                  "Total Cost": 203322.99,
                  "Plan Rows": 47064,
                  "Plan Width": 280,
                  "Workers Planned": 2,
                  "Plans": [
                    {
                      "Node Type": "Aggregate",
                      "Strategy": "Sorted",
                      "Partial Mode": "Partial",
                      "Parent Relationship": "Outer",
                      "Parallel Aware": false,
                      "Startup Cost": 195949.34,
                      "Total Cost": 196890.62,
                      "Plan Rows": 23532,
                      "Plan Width": 280,
                      "Group Key": ["sf1_customer.c_custkey", "sf1_customer.c_name", "sf1_customer.c_acctbal", "sf1_customer.c_phone", "sf1_nation.n_name", "sf1_customer.c_address", "sf1_customer.c_comment"],
                      "Plans": [
                        {
                          "Node Type": "Sort",
                          "Parent Relationship": "Outer",
                          "Parallel Aware": false,
                          "Startup Cost": 195949.34,
                          "Total Cost": 196008.17,
                          "Plan Rows": 23532,
                          "Plan Width": 260,
                          "Sort Key": ["sf1_customer.c_custkey", "sf1_customer.c_name", "sf1_customer.c_acctbal", "sf1_customer.c_phone", "sf1_nation.n_name", "sf1_customer.c_address", "sf1_customer.c_comment"],
                          "Plans": [
                            {
                              "Node Type": "Hash Join",
                              "Parent Relationship": "Outer",
                              "Parallel Aware": false,
                              "Join Type": "Inner",
                              "Startup Cost": 186007.90,
                              "Total Cost": 191342.64,
                              "Plan Rows": 23532,
                              "Plan Width": 260,
                              "Inner Unique": false,
                              "Hash Cond": "(sf1_customer.c_nationkey = sf1_nation.n_nationkey)",
                              "Plans": [
                                {
                                  "Node Type": "Hash Join",
                                  "Parent Relationship": "Outer",
                                  "Parallel Aware": true,
                                  "Join Type": "Inner",
                                  "Startup Cost": 185994.07,
                                  "Total Cost": 191005.25,
                                  "Plan Rows": 23532,
                                  "Plan Width": 160,
                                  "Inner Unique": false,
                                  "Hash Cond": "(sf1_customer.c_custkey = sf1_orders.o_custkey)",
                                  "Plans": [
                                    {
                                      "Node Type": "Seq Scan",
                                      "Parent Relationship": "Outer",
                                      "Parallel Aware": true,
                                      "Relation Name": "sf1_customer",
                                      "Alias": "sf1_customer",
                                      "Startup Cost": 0.00,
                                      "Total Cost": 4210.00,
                                      "Plan Rows": 62500,
                                      "Plan Width": 148
                                    },
                                    {
                                      "Node Type": "Hash",
                                      "Parent Relationship": "Inner",
                                      "Parallel Aware": true,
                                      "Startup Cost": 185699.92,
                                      "Total Cost": 185699.92,
                                      "Plan Rows": 23532,
                                      "Plan Width": 16,
                                      "Plans": [
                                        {
                                          "Node Type": "Hash Join",
                                          "Parent Relationship": "Outer",
                                          "Parallel Aware": true,
                                          "Join Type": "Inner",
                                          "Startup Cost": 36479.47,
                                          "Total Cost": 185699.92,
                                          "Plan Rows": 23532,
                                          "Plan Width": 16,
                                          "Inner Unique": false,
                                          "Hash Cond": "(sf1_lineitem.l_orderkey = sf1_orders.o_orderkey)",
                                          "Plans": [
                                            {
                                              "Node Type": "Seq Scan",
                                              "Parent Relationship": "Outer",
                                              "Parallel Aware": true,
                                              "Relation Name": "sf1_lineitem",
                                              "Alias": "sf1_lineitem",
                                              "Startup Cost": 0.00,
                                              "Total Cost": 146789.13,
                                              "Plan Rows": 622205,
                                              "Plan Width": 20,
                                              "Filter": "(l_returnflag = 'R'::bpchar)"
                                            },
                                            {
                                              "Node Type": "Hash",
                                              "Parent Relationship": "Inner",
                                              "Parallel Aware": true,
                                              "Startup Cost": 36184.00,
                                              "Total Cost": 36184.00,
                                              "Plan Rows": 23638,
                                              "Plan Width": 12,
                                              "Plans": [
                                                {
                                                  "Node Type": "Seq Scan",
                                                  "Parent Relationship": "Outer",
                                                  "Parallel Aware": true,
                                                  "Relation Name": "sf1_orders",
                                                  "Alias": "sf1_orders",
                                                  "Startup Cost": 0.00,
                                                  "Total Cost": 36184.00,
                                                  "Plan Rows": 23638,
                                                  "Plan Width": 12,
                                                  "Filter": "((o_orderdate >= '1993-10-01'::date) AND (o_orderdate < '1994-01-01'::date))"
                                                }
                                              ]
                                            }
                                          ]
                                        }
                                      ]
                                    }
                                  ]
                                },
                                {
                                  "Node Type": "Hash",
                                  "Parent Relationship": "Inner",
                                  "Parallel Aware": false,
                                  "Startup Cost": 11.70,
                                  "Total Cost": 11.70,
                                  "Plan Rows": 170,
                                  "Plan Width": 108,
                                  "Plans": [
                                    {
                                      "Node Type": "Seq Scan",
                                      "Parent Relationship": "Outer",
                                      "Parallel Aware": false,
                                      "Relation Name": "sf1_nation",
                                      "Alias": "sf1_nation",
                                      "Startup Cost": 0.00,
                                      "Total Cost": 11.70,
                                      "Plan Rows": 170,
                                      "Plan Width": 108
                                    }
                                  ]
                                }
                              ]
                            }
                          ]
                        }
                      ]
                    }
                  ]
                }
              ]
            }
          ]
        }
      ]
    },
    "JIT": {
      "Worker Number": -1,
      "Functions": 41,
      "Options": {
        "Inlining": false,
        "Optimization": false,
        "Expressions": true,
        "Deforming": true
      }
    }
  }
]