<explain xmlns="http://www.postgresql.org/2009/explain">
  <Query>
    <Plan>
      <Node-Type>Limit</Node-Type>
      <Parallel-Aware>false</Parallel-Aware>
      <Startup-Cost>257743.27</Startup-Cost>
      <Total-Cost>257743.30</Total-Cost>
      <Plan-Rows>10</Plan-Rows>
      <Plan-Width>48</Plan-Width>
      <Plans>
        <Plan>
          <Node-Type>Sort</Node-Type>
          <Parent-Relationship>Outer</Parent-Relationship>
          <Parallel-Aware>false</Parallel-Aware>
          <Startup-Cost>257743.27</Startup-Cost>
          <Total-Cost>258537.04</Total-Cost>
          <Plan-Rows>317506</Plan-Rows>
          <Plan-Width>48</Plan-Width>
          <Sort-Key>
            <Item>(sum((l.l_extendedprice * ('1'::numeric - l.l_discount)))) DESC</Item>
            <Item>o.o_orderdate</Item>
          </Sort-Key>
          <Plans>
            <Plan>
              <Node-Type>Aggregate</Node-Type>
              <Strategy>Sorted</Strategy>
              <Partial-Mode>Finalize</Partial-Mode>
              <Parent-Relationship>Outer</Parent-Relationship>
              <Parallel-Aware>false</Parallel-Aware>
              <Startup-Cost>209097.07</Startup-Cost>
              <Total-Cost>250882.08</Total-Cost>
              <Plan-Rows>317506</Plan-Rows>
              <Plan-Width>48</Plan-Width>
              <Group-Key>
                <Item>l.l_orderkey</Item>
                <Item>o.o_orderdate</Item>
                <Item>o.o_shippriority</Item>
              </Group-Key>
              <Plans>
                <Plan>
                  <Node-Type>Gather Merge</Node-Type>
                  <Parent-Relationship>Outer</Parent-Relationship>
                  <Parallel-Aware>false</Parallel-Aware>
                  <Startup-Cost>209097.07</Startup-Cost>
                  <Total-Cost>243605.91</Total-Cost>
                  <Plan-Rows>264588</Plan-Rows>
                  <Plan-Width>48</Plan-Width>
                  <Workers-Planned>2</Workers-Planned>
                  <Plans>
                    <Plan>
                      <Node-Type>Aggregate</Node-Type>
                      <Strategy>Sorted</Strategy>
                      <Partial-Mode>Partial</Partial-Mode>
                      <Parent-Relationship>Outer</Parent-Relationship>
                      <Parallel-Aware>false</Parallel-Aware>
                      <Startup-Cost>208097.04</Startup-Cost>
                      <Total-Cost>212065.86</Total-Cost>
                      <Plan-Rows>132294</Plan-Rows>
                      <Plan-Width>48</Plan-Width>
                      <Group-Key>
                        <Item>l.l_orderkey</Item>
                        <Item>o.o_orderdate</Item>
                        <Item>o.o_shippriority</Item>
                      </Group-Key>
                      <Plans>
                        <Plan>
                          <Node-Type>Sort</Node-Type>
                          <Parent-Relationship>Outer</Parent-Relationship>
                          <Parallel-Aware>false</Parallel-Aware>
                          <Startup-Cost>208097.04</Startup-Cost>
                          <Total-Cost>208427.78</Total-Cost>
                          <Plan-Rows>132294</Plan-Rows>
                          <Plan-Width>28</Plan-Width>
                          <Sort-Key>
                            <Item>l.l_orderkey</Item>
                            <Item>o.o_orderdate</Item>
                            <Item>o.o_shippriority</Item>
                          </Sort-Key>
                          <Plans>
                            <Plan>
                              <Node-Type>Hash Join</Node-Type>
                              <Parent-Relationship>Outer</Parent-Relationship>
                              <Parallel-Aware>true</Parallel-Aware>
                              <Join-Type>Inner</Join-Type>
                              <Startup-Cost>41319.27</Startup-Cost>
                              <Total-Cost>193675.70</Total-Cost>
                              <Plan-Rows>132294</Plan-Rows>
                              <Plan-Width>28</Plan-Width>
                              <Inner-Unique>false</Inner-Unique>
                              <Hash-Cond>(l.l_orderkey = o.o_orderkey)</Hash-Cond>
                              <Plans>
                                <Plan>
                                  <Node-Type>Seq Scan</Node-Type>
                                  <Parent-Relationship>Outer</Parent-Relationship>
                                  <Parallel-Aware>true</Parallel-Aware>
                                  <Relation-Name>sf1_lineitem</Relation-Name>
                                  <Alias>l</Alias>
                                  <Startup-Cost>0.00</Startup-Cost>
                                  <Total-Cost>146789.13</Total-Cost>
                                  <Plan-Rows>1337620</Plan-Rows>
                                  <Plan-Width>20</Plan-Width>
                                  <Filter>(l_shipdate &gt; '1995-03-15'::date)</Filter>
                                </Plan>
                                <Plan>
                                  <Node-Type>Hash</Node-Type>
                                  <Parent-Relationship>Inner</Parent-Relationship>
                                  <Parallel-Aware>true</Parallel-Aware>
                                  <Startup-Cost>40546.60</Startup-Cost>
                                  <Total-Cost>40546.60</Total-Cost>
                                  <Plan-Rows>61814</Plan-Rows>
                                  <Plan-Width>16</Plan-Width>
                                  <Plans>
                                    <Plan>
                                      <Node-Type>Hash Join</Node-Type>
                                      <Parent-Relationship>Outer</Parent-Relationship>
                                      <Parallel-Aware>true</Parallel-Aware>
                                      <Join-Type>Inner</Join-Type>
                                      <Startup-Cost>4524.71</Startup-Cost>
                                      <Total-Cost>40546.60</Total-Cost>
                                      <Plan-Rows>61814</Plan-Rows>
                                      <Plan-Width>16</Plan-Width>
                                      <Inner-Unique>false</Inner-Unique>
                                      <Hash-Cond>(o.o_custkey = c.c_custkey)</Hash-Cond>
                                      <Plans>
                                        <Plan>
                                          <Node-Type>Seq Scan</Node-Type>
                                          <Parent-Relationship>Outer</Parent-Relationship>
                                          <Parallel-Aware>true</Parallel-Aware>
                                          <Relation-Name>sf1_orders</Relation-Name>
                                          <Alias>o</Alias>
                                          <Startup-Cost>0.00</Startup-Cost>
                                          <Total-Cost>34621.50</Total-Cost>
                                          <Plan-Rows>304753</Plan-Rows>
                                          <Plan-Width>20</Plan-Width>
                                          <Filter>(o_orderdate &lt; '1995-03-15'::date)</Filter>
                                        </Plan>
                                        <Plan>
                                          <Node-Type>Hash</Node-Type>
                                          <Parent-Relationship>Inner</Parent-Relationship>
                                          <Parallel-Aware>true</Parallel-Aware>
                                          <Startup-Cost>4366.25</Startup-Cost>
                                          <Total-Cost>4366.25</Total-Cost>
                                          <Plan-Rows>12677</Plan-Rows>
                                          <Plan-Width>4</Plan-Width>
                                          <Plans>
                                            <Plan>
                                              <Node-Type>Seq Scan</Node-Type>
                                              <Parent-Relationship>Outer</Parent-Relationship>
                                              <Parallel-Aware>true</Parallel-Aware>
                                              <Relation-Name>sf1_customer</Relation-Name>
                                              <Alias>c</Alias>
                                              <Startup-Cost>0.00</Startup-Cost>
                                              <Total-Cost>4366.25</Total-Cost>
                                              <Plan-Rows>12677</Plan-Rows>
                                              <Plan-Width>4</Plan-Width>
                                              <Filter>(c_mktsegment = 'BUILDING'::bpchar)</Filter>
                                            </Plan>
                                          </Plans>
                                        </Plan>
                                      </Plans>
                                    </Plan>
                                  </Plans>
                                </Plan>
                              </Plans>
                            </Plan>
                          </Plans>
                        </Plan>
                      </Plans>
                    </Plan>
                  </Plans>
                </Plan>
              </Plans>
            </Plan>
          </Plans>
        </Plan>
      </Plans>
    </Plan>
    <JIT>
      <Worker-Number>-1</Worker-Number>
      <Functions>34</Functions>
      <Options>
        <Inlining>false</Inlining>
        <Optimization>false</Optimization>
        <Expressions>true</Expressions>
        <Deforming>true</Deforming>
      </Options>
    </JIT>
  </Query>
</explain>