[
  {
    "Plan": {
      "Node Type": "Limit",
      "Parallel Aware": false,
      "Startup Cost": 208825.36,
      "Total Cost": 208825.41,
      "Plan Rows": 20,
      "Plan Width": 279,
      "Plans": [
        {
          "Node Type": "Sort",
          "Parent Relationship": "Outer",
          "Parallel Aware": false,
          "Startup Cost": 208825.36,
          "Total Cost": 208961.70,
          "Plan Rows": 54536,
          "Plan Width": 279,
          "Sort Key": ["(sum((sf1_lineitem.l_extendedprice * ('1'::numeric - sf1_lineitem.l_discount)))) DESC"],
          "Plans": [
            {
              "Node Type": "Aggregate",
              "Strategy": "Sorted",
              "Partial Mode": "Finalize",
              "Parent Relationship": "Outer",
              "Parallel Aware": false,
              "Startup Cost": 199515.43,
              "Total Cost": 207374.18,
              "Plan Rows": 54536,
              "Plan Width": 279,
              "Group Key": ["sf1_customer.c_custkey", "sf1_customer.c_name", "sf1_customer.c_acctbal", "sf1_customer.c_phone", "sf1_nation.n_name", "sf1_customer.c_address", "sf1_customer.c_comment"],
              "Plans": [
                {
                  "Node Type": "Gather Merge",
                  "Parent Relationship": "Outer",
                  "Parallel Aware": false,
                  "Startup Cost": 199515.43,
                  "Total Cost": 205669.94,
                  "Plan Rows": 45446,
                  "Plan Width": 279,
                  "Workers Planned": 2,
                  "Plans": [
                    {
                      "Node Type": "Aggregate",
                      "Strategy": "Sorted",
                      "Partial Mode": "Partial",
                      "Parent Relationship": "Outer",
                      "Parallel Aware": false,
                      "Startup Cost": 198515.40,
                      "Total Cost": 199424.32,
                      "Plan Rows": 22723,
                      "Plan Width": 279,
                      "Group Key": ["sf1_customer.c_custkey", "sf1_customer.c_name", "sf1_customer.c_acctbal", "sf1_customer.c_phone", "sf1_nation.n_name", "sf1_customer.c_address", "sf1_customer.c_comment"],
                      "Plans": [
                        {
                          "Node Type": "Sort",
                          "Parent Relationship": "Outer",
                          "Parallel Aware": false,
                          "Startup Cost": 198515.40,
                          "Total Cost": 198572.21,
                          "Plan Rows": 22723,
                          "Plan Width": 259,
                          "Sort Key": ["sf1_customer.c_custkey", "sf1_customer.c_name", "sf1_customer.c_acctbal", "sf1_customer.c_phone", "sf1_nation.n_name", "sf1_customer.c_address", "sf1_customer.c_comment"],
                          "Plans": [
                            {
                              "Node Type": "Hash Join",
                              "Parent Relationship": "Outer",
                              "Parallel Aware": false,
                              "Join Type": "Inner",
                              "Startup Cost": 42820.11,
                              "Total Cost": 194074.68,
                              "Plan Rows": 22723,
                              "Plan Width": 259,
                              "Inner Unique": false,
                              "Hash Cond": "(sf1_customer.c_nationkey = sf1_nation.n_nationkey)",
                              "Plans": [
                                {
                                  "Node Type": "Hash Join",
                                  "Parent Relationship": "Outer",
                                  "Parallel Aware": true,
                                  "Join Type": "Inner",
                                  "Startup Cost": 42806.29,
                                  "Total Cost": 193748.42,
                                  "Plan Rows": 22723,
                                  "Plan Width": 159,
                                  "Inner Unique": false,
                                  "Hash Cond": "(sf1_orders.o_custkey = sf1_customer.c_custkey)",
                                  "Plans": [
                                    {
                                      "Node Type": "Hash Join",
                                      "Parent Relationship": "Outer",
                                      "Parallel Aware": true,
                                      "Join Type": "Inner",
                                      "Startup Cost": 36472.04,
                                      "Total Cost": 185669.28,
                                      "Plan Rows": 22723,
                                      "Plan Width": 16,
                                      "Inner Unique": false,
                                      "Hash Cond": "(sf1_lineitem.l_orderkey = sf1_orders.o_orderkey)",
                                      "Plans": [
                                        {
                                          "Node Type": "Seq Scan",
                                          "Parent Relationship": "Outer",
                                          "Parallel Aware": true,
                                          "Relation Name": "sf1_lineitem",
                                          "Alias": "sf1_lineitem",
                                          "Startup Cost": 0.00,
                                          "Total Cost": 146791.32,
                                          "Plan Rows": 616331,
                                          "Plan Width": 20,
                                          "Filter": "(l_returnflag = 'R'::bpchar)"
                                        },
                                        {
                                          "Node Type": "Hash",
                                          "Parent Relationship": "Inner",
                                          "Parallel Aware": true,
                                          "Startup Cost": 36184.00,
                                          "Total Cost": 36184.00,
                                          "Plan Rows": 23043,
                                          "Plan Width": 12,
                                          "Plans": [
                                            {
                                              "Node Type": "Seq Scan",
                                              "Parent Relationship": "Outer",
                                              "Parallel Aware": true,
                                              "Relation Name": "sf1_orders",
                                              "Alias": "sf1_orders",
                                              "Startup Cost": 0.00,
                                              "Total Cost": 36184.00,
                                              "Plan Rows": 23043,
                                              "Plan Width": 12,
                                              "Filter": "((o_orderdate >= '1993-10-01'::date) AND (o_orderdate < '1994-01-01'::date))"
                                            }
                                          ]
                                        }
                                      ]
                                    },
                                    {
                                      "Node Type": "Hash",
                                      "Parent Relationship": "Inner",
                                      "Parallel Aware": true,
                                      "Startup Cost": 4210.00,
                                      "Total Cost": 4210.00,
                                      "Plan Rows": 62500,
                                      "Plan Width": 147,
                                      "Plans": [
                                        {
                                          "Node Type": "Seq Scan",
                                          "Parent Relationship": "Outer",
                                          "Parallel Aware": true,
                                          "Relation Name": "sf1_customer",
                                          "Alias": "sf1_customer",
                                          "Startup Cost": 0.00,
                                          "Total Cost": 4210.00,
                                          "Plan Rows": 62500,
                                          "Plan Width": 147
                                        }
                                      ]
                                    }
                                  ]
                                },
                                {
                                  "Node Type": "Hash",
                                  "Parent Relationship": "Inner",
                                  "Parallel Aware": false,
                                  "Startup Cost": 11.70,
                                  "Total Cost": 11.70,
                                  "Plan Rows": 170,
                                  "Plan Width": 108,
                                  "Plans": [
                                    {
                                      "Node Type": "Seq Scan",
                                      "Parent Relationship": "Outer",
                                      "Parallel Aware": false,
                                      "Relation Name": "sf1_nation",
                                      "Alias": "sf1_nation",
                                      "Startup Cost": 0.00,
                                      "Total Cost": 11.70,
                                      "Plan Rows": 170,
                                      "Plan Width": 108
                                    }
                                  ]
                                }
                              ]
                            }
                          ]
                        }
                      ]
                    }
                  ]
                }
              ]
            }
          ]
        }
      ]
    },
    "JIT": {
      "Worker Number": -1,
      "Functions": 40,
      "Options": {
        "Inlining": false,
        "Optimization": false,
        "Expressions": true,
        "Deforming": true
      }
    }
  }
]