[
  {
    "Plan": {
      "Node Type": "Limit",
      "Parallel Aware": false,
      "Startup Cost": 256300.61,
      "Total Cost": 256300.64,
      "Plan Rows": 10,
      "Plan Width": 48,
      "Plans": [
        {
          "Node Type": "Sort",
          "Parent Relationship": "Outer",
          "Parallel Aware": false,
          "Startup Cost": 256300.61,
          "Total Cost": 257076.57,
          "Plan Rows": 310383,
          "Plan Width": 48,
          "Sort Key": ["(sum((l.l_extendedprice * ('1'::numeric - l.l_discount)))) DESC", "o.o_orderdate"],
          "Plans": [
            {
              "Node Type": "Aggregate",
              "Strategy": "Sorted",
              "Partial Mode": "Finalize",
              "Parent Relationship": "Outer",
              "Parallel Aware": false,
              "Startup Cost": 208745.77,
              "Total Cost": 249593.35,
              "Plan Rows": 310383,
              "Plan Width": 48,
              "Group Key": ["l.l_orderkey", "o.o_orderdate", "o.o_shippriority"],
              "Plans": [
                {
                  "Node Type": "Gather Merge",
                  "Parent Relationship": "Outer",
                  "Parallel Aware": false,
                  "Startup Cost": 208745.77,
                  "Total Cost": 242480.41,
                  "Plan Rows": 258652,
                  "Plan Width": 48,
                  "Workers Planned": 2,
                  "Plans": [
                    {
                      "Node Type": "Aggregate",
                      "Strategy": "Sorted",
                      "Partial Mode": "Partial",
                      "Parent Relationship": "Outer",
                      "Parallel Aware": false,
                      "Startup Cost": 207745.75,
                      "Total Cost": 211625.53,
                      "Plan Rows": 129326,
                      "Plan Width": 48,
                      "Group Key": ["l.l_orderkey", "o.o_orderdate", "o.o_shippriority"],
                      "Plans": [
                        {
                          "Node Type": "Sort",
                          "Parent Relationship": "Outer",
                          "Parallel Aware": false,
                          "Startup Cost": 207745.75,
                          "Total Cost": 208069.06,
                          "Plan Rows": 129326,
                          "Plan Width": 28,
                          "Sort Key": ["l.l_orderkey", "o.o_orderdate", "o.o_shippriority"],
                          "Plans": [
                            {
                              "Node Type": "Hash Join",
                              "Parent Relationship": "Outer",
                              "Parallel Aware": true,
                              "Join Type": "Inner",
                              "Startup Cost": 41275.49,
                              "Total Cost": 193668.05,
                              "Plan Rows": 129326,
                              "Plan Width": 28,
                              "Inner Unique": false,
                              "Hash Cond": "(l.l_orderkey = o.o_orderkey)",
                              "Plans": [
                                {
                                  "Node Type": "Seq Scan",
                                  "Parent Relationship": "Outer",
                                  "Parallel Aware": true,
                                  "Relation Name": "sf1_lineitem",
                                  "Alias": "l",
                                  "Startup Cost": 0.00,
                                  "Total Cost": 146791.32,
                                  "Plan Rows": 1349969,
                                  "Plan Width": 20,
                                  "Filter": "(l_shipdate > '1995-03-15'::date)"
                                },
                                {
                                  "Node Type": "Hash",
                                  "Parent Relationship": "Inner",
                                  "Parallel Aware": true,
                                  "Startup Cost": 40527.05,
                                  "Total Cost": 40527.05,
                                  "Plan Rows": 59875,
                                  "Plan Width": 16,
                                  "Plans": [
                                    {
                                      "Node Type": "Hash Join",
                                      "Parent Relationship": "Outer",
                                      "Parallel Aware": true,
                                      "Join Type": "Inner",
                                      "Startup Cost": 4520.75,
                                      "Total Cost": 40527.05,
                                      "Plan Rows": 59875,
                                      "Plan Width": 16,
                                      "Inner Unique": false,
                                      "Hash Cond": "(o.o_custkey = c.c_custkey)",
                                      "Plans": [
                                        {
                                          "Node Type": "Seq Scan",
                                          "Parent Relationship": "Outer",
                                          "Parallel Aware": true,
                                          "Relation Name": "sf1_orders",
                                          "Alias": "o",
                                          "Startup Cost": 0.00,
                                          "Total Cost": 34621.50,
                                          "Plan Rows": 302755,
                                          "Plan Width": 20,
                                          "Filter": "(o_orderdate < '1995-03-15'::date)"
                                        },
                                        {
                                          "Node Type": "Hash",
                                          "Parent Relationship": "Inner",
                                          "Parallel Aware": true,
                                          "Startup Cost": 4366.25,
                                          "Total Cost": 4366.25,
                                          "Plan Rows": 12360,
                                          "Plan Width": 4,
                                          "Plans": [
                                            {
                                              "Node Type": "Seq Scan",
                                              "Parent Relationship": "Outer",
                                              "Parallel Aware": true,
                                              "Relation Name": "sf1_customer",
                                              "Alias": "c",
                                              "Startup Cost": 0.00,
                                              "Total Cost": 4366.25,
                                              "Plan Rows": 12360,
                                              "Plan Width": 4,
                                              "Filter": "(c_mktsegment = 'BUILDING'::bpchar)"
                                            }
                                          ]
                                        }
                                      ]
                                    }
                                  ]
                                }
                              ]
                            }
                          ]
                        }
                      ]
                    }
                  ]
                }
              ]
            }
          ]
        }
      ]
    },
    "JIT": {
      "Worker Number": -1,
      "Functions": 34,
      "Options": {
        "Inlining": false,
        "Optimization": false,
        "Expressions": true,
        "Deforming": true
      }
    }
  }
]